<?xml version="1.0" encoding="UTF-8"?>
<!-- Generated by org.testng.reporters.JUnitReportReporter -->
<testsuite hostname="Rajivs-MacBook-Pro.local" failures="0" tests="1" name="stepDefinitions.ParallelRun" time="9.617" errors="0" timestamp="19 Feb. 2021 01:21:12 GMT" skipped="0">
  <testcase classname="stepDefinitions.ParallelRun" name="runScenario" time="9.617"/>
</testsuite> <!-- stepDefinitions.ParallelRun -->
