<?xml version="1.0" encoding="UTF-8"?>
<!-- Generated by org.testng.reporters.JUnitReportReporter -->
<testsuite hostname="Rajivs-MacBook-Pro.local" failures="0" tests="1" name="stepDefinitions.ParallelRun" time="64.802" errors="0" timestamp="04 Feb. 2021 22:02:33 GMT" skipped="0">
  <testcase classname="stepDefinitions.ParallelRun" name="runScenario" time="64.802"/>
</testsuite> <!-- stepDefinitions.ParallelRun -->
