<?xml version="1.0" encoding="UTF-8"?>
<!-- Generated by org.testng.reporters.JUnitReportReporter -->
<testsuite hostname="Rajivs-MacBook-Pro.local" failures="0" tests="4" name="com.util.WebScrapper" time="62.331" errors="1" timestamp="2021-03-01T23:28:00 MST" skipped="3">
  <testcase classname="com.util.WebScrapper" name="webScrapeTest" time="0.000">
    <skipped/>
  </testcase> <!-- webScrapeTest -->
  <system-out/>
  <testcase classname="com.util.WebScrapper" name="connectMongoDB" time="62.331">
    <error message="&#039;java.lang.String com.mongodb.ConnectionString.getApplicationName()&#039;" type="java.lang.NoSuchMethodError">
      <![CDATA[java.lang.NoSuchMethodError: 'java.lang.String com.mongodb.ConnectionString.getApplicationName()'
at com.mongodb.MongoClientSettings$Builder.applyConnectionString(MongoClientSettings.java:196)
at com.mongodb.client.MongoClients.create(MongoClients.java:99)
at com.mongodb.client.MongoClients.create(MongoClients.java:83)
at com.mongodb.client.MongoClients.create(MongoClients.java:61)
at com.util.WebScrapper.connectMongoDB(WebScrapper.java:34)
at java.base/jdk.internal.reflect.NativeMethodAccessorImpl.invoke0(Native Method)
at java.base/jdk.internal.reflect.NativeMethodAccessorImpl.invoke(NativeMethodAccessorImpl.java:64)
at java.base/jdk.internal.reflect.DelegatingMethodAccessorImpl.invoke(DelegatingMethodAccessorImpl.java:43)
at java.base/java.lang.reflect.Method.invoke(Method.java:564)
at org.testng.internal.MethodInvocationHelper.invokeMethod(MethodInvocationHelper.java:132)
at org.testng.internal.MethodInvocationHelper.invokeMethodConsideringTimeout(MethodInvocationHelper.java:61)
at org.testng.internal.ConfigInvoker.invokeConfigurationMethod(ConfigInvoker.java:366)
at org.testng.internal.ConfigInvoker.invokeConfigurations(ConfigInvoker.java:320)
at org.testng.SuiteRunner.privateRun(SuiteRunner.java:327)
at org.testng.SuiteRunner.run(SuiteRunner.java:286)
at org.testng.SuiteRunnerWorker.runSuite(SuiteRunnerWorker.java:53)
at org.testng.SuiteRunnerWorker.run(SuiteRunnerWorker.java:96)
at org.testng.TestNG.runSuitesSequentially(TestNG.java:1218)
at org.testng.TestNG.runSuitesLocally(TestNG.java:1140)
at org.testng.TestNG.runSuites(TestNG.java:1069)
at org.testng.TestNG.run(TestNG.java:1037)
at org.testng.remote.AbstractRemoteTestNG.run(AbstractRemoteTestNG.java:115)
at org.testng.remote.RemoteTestNG.initAndRun(RemoteTestNG.java:251)
at org.testng.remote.RemoteTestNG.main(RemoteTestNG.java:77)
]]>
    </error>
  </testcase> <!-- connectMongoDB -->
  <system-out/>
  <testcase classname="com.util.WebScrapper" name="webScrapeTest" time="0.000">
    <skipped/>
  </testcase> <!-- webScrapeTest -->
  <system-out/>
  <testcase classname="com.util.WebScrapper" name="webScrapeTest" time="0.000">
    <skipped/>
  </testcase> <!-- webScrapeTest -->
  <system-out/>
</testsuite> <!-- com.util.WebScrapper -->
