<?xml version="1.0" encoding="UTF-8"?>
<!-- Generated by org.testng.reporters.JUnitReportReporter -->
<testsuite hostname="Rajivs-MacBook-Pro.local" failures="0" tests="1" name="stepDefinitions.ParallelRun" time="11.112" errors="0" timestamp="08 Feb. 2021 20:46:38 GMT" skipped="0">
  <testcase classname="stepDefinitions.ParallelRun" name="runScenario" time="11.112"/>
</testsuite> <!-- stepDefinitions.ParallelRun -->
