<?xml version="1.0" encoding="UTF-8"?>
<!-- Generated by org.testng.reporters.JUnitReportReporter -->
<testsuite hostname="Rajivs-MacBook-Pro.local" failures="0" tests="2" name="parallel.ParallelRun" time="6.461" errors="0" timestamp="03 Feb. 2021 17:40:56 GMT" skipped="0">
  <testcase classname="parallel.ParallelRun" name="runScenario" time="2.766"/>
  <testcase classname="parallel.ParallelRun" name="runScenario" time="3.695"/>
</testsuite> <!-- parallel.ParallelRun -->
